<?xml version="1.0" encoding="utf-8" standalone="no"?>
<!--This file represents the results of running a test suite-->
<test-results name="D:\projects\demo\UnitTestsDemo\MoqDemo\bin\Debug\MoqDemo.dll" total="1" errors="0" failures="0" not-run="0" inconclusive="0" ignored="0" skipped="0" invalid="0" date="2013-08-05" time="11:50:25">
  <environment nunit-version="2.6.2.12296" clr-version="2.0.50727.5472" os-version="Microsoft Windows NT 6.1.7601 Service Pack 1" platform="Win32NT" cwd="D:\projects\lgbs\Rector\Libs\NUnit-2.6.2\bin" machine-name="S-MALINOWSKI" user="smalinowski" user-domain="LGBSPL" />
  <culture-info current-culture="pl-PL" current-uiculture="en-US" />
  <test-suite type="Assembly" name="D:\projects\demo\UnitTestsDemo\MoqDemo\bin\Debug\MoqDemo.dll" executed="True" result="Success" success="True" time="0.374" asserts="0">
    <results>
      <test-suite type="Namespace" name="MoqDemo" executed="True" result="Success" success="True" time="0.368" asserts="0">
        <results>
          <test-suite type="TestFixture" name="WorkServiceTests" executed="True" result="Success" success="True" time="0.367" asserts="0">
            <results>
              <test-case name="MoqDemo.WorkServiceTests.SaveWork_ShouldSendEmail" executed="True" result="Success" success="True" time="0.361" asserts="0" />
            </results>
          </test-suite>
        </results>
      </test-suite>
    </results>
  </test-suite>
</test-results>