<?xml version="1.0" encoding="utf-8" standalone="no"?>
<!--This file represents the results of running a test suite-->
<test-results name="D:\projects\demo\UnitTestsDemo\NinjectDemo\bin\Debug\NinjectDemo.dll" total="3" errors="0" failures="0" not-run="0" inconclusive="0" ignored="0" skipped="0" invalid="0" date="2013-03-01" time="14:29:38">
  <environment nunit-version="2.6.2.12296" clr-version="2.0.50727.5466" os-version="Microsoft Windows NT 6.1.7601 Service Pack 1" platform="Win32NT" cwd="D:\projects\lgbs\Rector\Libs\NUnit-2.6.2\bin" machine-name="S-MALINOWSKI" user="smalinowski" user-domain="LGBSPL" />
  <culture-info current-culture="pl-PL" current-uiculture="en-US" />
  <test-suite type="Assembly" name="D:\projects\demo\UnitTestsDemo\NinjectDemo\bin\Debug\NinjectDemo.dll" executed="True" result="Success" success="True" time="0.787" asserts="0">
    <results>
      <test-suite type="Namespace" name="NinjectDemo" executed="True" result="Success" success="True" time="0.779" asserts="0">
        <results>
          <test-suite type="TestFixture" name="SamuraiTests" executed="True" result="Success" success="True" time="0.777" asserts="0">
            <results>
              <test-case name="NinjectDemo.SamuraiTests.Hit_WithKatana_Damage7" executed="True" result="Success" success="True" time="0.267" asserts="1" />
              <test-case name="NinjectDemo.SamuraiTests.Hit_WithKatana_HitsDamage7_WithoutNinject" executed="True" result="Success" success="True" time="0.000" asserts="1" />
              <test-case name="NinjectDemo.SamuraiTests.Hit_WithKatana_LogIt" executed="True" result="Success" success="True" time="0.490" asserts="2" />
            </results>
          </test-suite>
        </results>
      </test-suite>
    </results>
  </test-suite>
</test-results>